  Application.cpp
  Camera.cpp
  GameObject.cpp
C:\Users\Jian Liang\Desktop\NYP resources\Year2Sem1\PPHY\term 2 framework\DM2212_Physics\Physics\Source\GameObject.cpp(12,16): warning C4244: 'argument': conversion from 'int' to 'float', possible loss of data
C:\Users\Jian Liang\Desktop\NYP resources\Year2Sem1\PPHY\term 2 framework\DM2212_Physics\Physics\Source\GameObject.cpp(35,17): warning C4244: 'argument': conversion from 'int' to 'float', possible loss of data
  LoadOBJ.cpp
  LoadTexture.cpp
  LoadTGA.cpp
  main.cpp
  Mesh.cpp
  MeshBuilder.cpp
  SceneBase.cpp
  SceneCollision.cpp
C:\Users\Jian Liang\Desktop\NYP resources\Year2Sem1\PPHY\term 2 framework\DM2212_Physics\Physics\Source\SceneCollision.cpp(88,99): warning C4244: 'argument': conversion from 'double' to 'float', possible loss of data
C:\Users\Jian Liang\Desktop\NYP resources\Year2Sem1\PPHY\term 2 framework\DM2212_Physics\Physics\Source\SceneCollision.cpp(88,47): warning C4244: 'argument': conversion from 'double' to 'float', possible loss of data
C:\Users\Jian Liang\Desktop\NYP resources\Year2Sem1\PPHY\term 2 framework\DM2212_Physics\Physics\Source\SceneCollision.cpp(126,16): warning C4244: '-=': conversion from 'double' to 'float', possible loss of data
C:\Users\Jian Liang\Desktop\NYP resources\Year2Sem1\PPHY\term 2 framework\DM2212_Physics\Physics\Source\SceneCollision.cpp(220,28): warning C4018: '<': signed/unsigned mismatch
C:\Users\Jian Liang\Desktop\NYP resources\Year2Sem1\PPHY\term 2 framework\DM2212_Physics\Physics\Source\SceneCollision.cpp(237,28): warning C4018: '<': signed/unsigned mismatch
C:\Users\Jian Liang\Desktop\NYP resources\Year2Sem1\PPHY\term 2 framework\DM2212_Physics\Physics\Source\SceneCollision.cpp(258,22): warning C4244: '+=': conversion from 'double' to 'float', possible loss of data
C:\Users\Jian Liang\Desktop\NYP resources\Year2Sem1\PPHY\term 2 framework\DM2212_Physics\Physics\Source\SceneCollision.cpp(269,53): warning C4244: 'argument': conversion from 'double' to 'float', possible loss of data
C:\Users\Jian Liang\Desktop\NYP resources\Year2Sem1\PPHY\term 2 framework\DM2212_Physics\Physics\Source\SceneCollision.cpp(269,32): warning C4244: 'argument': conversion from 'double' to 'float', possible loss of data
C:\Users\Jian Liang\Desktop\NYP resources\Year2Sem1\PPHY\term 2 framework\DM2212_Physics\Physics\Source\SceneCollision.cpp(285,17): warning C4244: '+=': conversion from 'double' to 'float', possible loss of data
C:\Users\Jian Liang\Desktop\NYP resources\Year2Sem1\PPHY\term 2 framework\DM2212_Physics\Physics\Source\SceneCollision.cpp(291,20): warning C4244: '-=': conversion from 'double' to 'float', possible loss of data
C:\Users\Jian Liang\Desktop\NYP resources\Year2Sem1\PPHY\term 2 framework\DM2212_Physics\Physics\Source\SceneCollision.cpp(297,22): warning C4244: '-=': conversion from 'double' to 'float', possible loss of data
C:\Users\Jian Liang\Desktop\NYP resources\Year2Sem1\PPHY\term 2 framework\DM2212_Physics\Physics\Source\SceneCollision.cpp(311,24): warning C4244: '-=': conversion from 'double' to 'float', possible loss of data
C:\Users\Jian Liang\Desktop\NYP resources\Year2Sem1\PPHY\term 2 framework\DM2212_Physics\Physics\Source\SceneCollision.cpp(318,26): warning C4244: '-=': conversion from 'double' to 'float', possible loss of data
C:\Users\Jian Liang\Desktop\NYP resources\Year2Sem1\PPHY\term 2 framework\DM2212_Physics\Physics\Source\SceneCollision.cpp(325,26): warning C4244: 'argument': conversion from 'double' to 'float', possible loss of data
C:\Users\Jian Liang\Desktop\NYP resources\Year2Sem1\PPHY\term 2 framework\DM2212_Physics\Physics\Source\SceneCollision.cpp(607,24): warning C4244: 'argument': conversion from 'double' to 'float', possible loss of data
C:\Users\Jian Liang\Desktop\NYP resources\Year2Sem1\PPHY\term 2 framework\DM2212_Physics\Physics\Source\SceneCollision.cpp(754,30): warning C4244: 'argument': conversion from 'double' to 'float', possible loss of data
C:\Users\Jian Liang\Desktop\NYP resources\Year2Sem1\PPHY\term 2 framework\DM2212_Physics\Physics\Source\SceneCollision.cpp(766,30): warning C4244: 'argument': conversion from 'double' to 'float', possible loss of data
C:\Users\Jian Liang\Desktop\NYP resources\Year2Sem1\PPHY\term 2 framework\DM2212_Physics\Physics\Source\SceneCollision.cpp(802,30): warning C4244: 'argument': conversion from 'double' to 'float', possible loss of data
C:\Users\Jian Liang\Desktop\NYP resources\Year2Sem1\PPHY\term 2 framework\DM2212_Physics\Physics\Source\SceneCollision.cpp(811,29): warning C4244: 'argument': conversion from 'double' to 'float', possible loss of data
C:\Users\Jian Liang\Desktop\NYP resources\Year2Sem1\PPHY\term 2 framework\DM2212_Physics\Physics\Source\SceneCollision.cpp(937,19): warning C4244: 'argument': conversion from 'int' to 'float', possible loss of data
C:\Users\Jian Liang\Desktop\NYP resources\Year2Sem1\PPHY\term 2 framework\DM2212_Physics\Physics\Source\SceneCollision.cpp(960,43): warning C4244: 'argument': conversion from 'double' to 'float', possible loss of data
C:\Users\Jian Liang\Desktop\NYP resources\Year2Sem1\PPHY\term 2 framework\DM2212_Physics\Physics\Source\SceneCollision.cpp(960,13): warning C4244: 'initializing': conversion from 'float' to 'int', possible loss of data
C:\Users\Jian Liang\Desktop\NYP resources\Year2Sem1\PPHY\term 2 framework\DM2212_Physics\Physics\Source\SceneCollision.cpp(1068,37): warning C4244: 'argument': conversion from 'double' to 'float', possible loss of data
C:\Users\Jian Liang\Desktop\NYP resources\Year2Sem1\PPHY\term 2 framework\DM2212_Physics\Physics\Source\SceneCollision.cpp(1069,51): warning C4244: 'argument': conversion from 'double' to 'float', possible loss of data
C:\Users\Jian Liang\Desktop\NYP resources\Year2Sem1\PPHY\term 2 framework\DM2212_Physics\Physics\Source\SceneCollision.cpp(1069,32): warning C4244: 'argument': conversion from 'double' to 'float', possible loss of data
C:\Users\Jian Liang\Desktop\NYP resources\Year2Sem1\PPHY\term 2 framework\DM2212_Physics\Physics\Source\SceneCollision.cpp(1074,56): warning C4244: 'argument': conversion from 'double' to 'float', possible loss of data
C:\Users\Jian Liang\Desktop\NYP resources\Year2Sem1\PPHY\term 2 framework\DM2212_Physics\Physics\Source\SceneCollision.cpp(1075,33): warning C4244: 'argument': conversion from 'double' to 'float', possible loss of data
C:\Users\Jian Liang\Desktop\NYP resources\Year2Sem1\PPHY\term 2 framework\DM2212_Physics\Physics\Source\SceneCollision.cpp(1080,56): warning C4244: 'argument': conversion from 'double' to 'float', possible loss of data
C:\Users\Jian Liang\Desktop\NYP resources\Year2Sem1\PPHY\term 2 framework\DM2212_Physics\Physics\Source\SceneCollision.cpp(1081,33): warning C4244: 'argument': conversion from 'double' to 'float', possible loss of data
C:\Users\Jian Liang\Desktop\NYP resources\Year2Sem1\PPHY\term 2 framework\DM2212_Physics\Physics\Source\SceneCollision.cpp(1106,11): warning C4244: 'initializing': conversion from 'double' to 'float', possible loss of data
C:\Users\Jian Liang\Desktop\NYP resources\Year2Sem1\PPHY\term 2 framework\DM2212_Physics\Physics\Source\SceneCollision.cpp(1107,11): warning C4244: 'initializing': conversion from 'double' to 'float', possible loss of data
C:\Users\Jian Liang\Desktop\NYP resources\Year2Sem1\PPHY\term 2 framework\DM2212_Physics\Physics\Source\SceneCollision.cpp(1109,37): warning C4244: 'argument': conversion from 'double' to 'float', possible loss of data
C:\Users\Jian Liang\Desktop\NYP resources\Year2Sem1\PPHY\term 2 framework\DM2212_Physics\Physics\Source\SceneCollision.cpp(1115,51): warning C4305: 'argument': truncation from 'double' to 'float'
C:\Users\Jian Liang\Desktop\NYP resources\Year2Sem1\PPHY\term 2 framework\DM2212_Physics\Physics\Source\SceneCollision.cpp(1115,37): warning C4244: 'argument': conversion from 'double' to 'float', possible loss of data
C:\Users\Jian Liang\Desktop\NYP resources\Year2Sem1\PPHY\term 2 framework\DM2212_Physics\Physics\Source\SceneCollision.cpp(1118,21): warning C4244: '=': conversion from 'double' to 'float', possible loss of data
C:\Users\Jian Liang\Desktop\NYP resources\Year2Sem1\PPHY\term 2 framework\DM2212_Physics\Physics\Source\SceneCollision.cpp(1155,37): warning C4244: 'argument': conversion from 'double' to 'float', possible loss of data
C:\Users\Jian Liang\Desktop\NYP resources\Year2Sem1\PPHY\term 2 framework\DM2212_Physics\Physics\Source\SceneCollision.cpp(1156,54): warning C4244: 'argument': conversion from 'double' to 'float', possible loss of data
C:\Users\Jian Liang\Desktop\NYP resources\Year2Sem1\PPHY\term 2 framework\DM2212_Physics\Physics\Source\SceneCollision.cpp(1156,33): warning C4244: 'argument': conversion from 'double' to 'float', possible loss of data
C:\Users\Jian Liang\Desktop\NYP resources\Year2Sem1\PPHY\term 2 framework\DM2212_Physics\Physics\Source\SceneCollision.cpp(1161,56): warning C4244: 'argument': conversion from 'double' to 'float', possible loss of data
C:\Users\Jian Liang\Desktop\NYP resources\Year2Sem1\PPHY\term 2 framework\DM2212_Physics\Physics\Source\SceneCollision.cpp(1162,33): warning C4244: 'argument': conversion from 'double' to 'float', possible loss of data
C:\Users\Jian Liang\Desktop\NYP resources\Year2Sem1\PPHY\term 2 framework\DM2212_Physics\Physics\Source\SceneCollision.cpp(1167,56): warning C4244: 'argument': conversion from 'double' to 'float', possible loss of data
C:\Users\Jian Liang\Desktop\NYP resources\Year2Sem1\PPHY\term 2 framework\DM2212_Physics\Physics\Source\SceneCollision.cpp(1168,33): warning C4244: 'argument': conversion from 'double' to 'float', possible loss of data
C:\Users\Jian Liang\Desktop\NYP resources\Year2Sem1\PPHY\term 2 framework\DM2212_Physics\Physics\Source\SceneCollision.cpp(1181,37): warning C4244: 'argument': conversion from 'double' to 'float', possible loss of data
C:\Users\Jian Liang\Desktop\NYP resources\Year2Sem1\PPHY\term 2 framework\DM2212_Physics\Physics\Source\SceneCollision.cpp(1182,54): warning C4244: 'argument': conversion from 'double' to 'float', possible loss of data
C:\Users\Jian Liang\Desktop\NYP resources\Year2Sem1\PPHY\term 2 framework\DM2212_Physics\Physics\Source\SceneCollision.cpp(1182,33): warning C4244: 'argument': conversion from 'double' to 'float', possible loss of data
C:\Users\Jian Liang\Desktop\NYP resources\Year2Sem1\PPHY\term 2 framework\DM2212_Physics\Physics\Source\SceneCollision.cpp(1187,56): warning C4244: 'argument': conversion from 'double' to 'float', possible loss of data
C:\Users\Jian Liang\Desktop\NYP resources\Year2Sem1\PPHY\term 2 framework\DM2212_Physics\Physics\Source\SceneCollision.cpp(1188,33): warning C4244: 'argument': conversion from 'double' to 'float', possible loss of data
C:\Users\Jian Liang\Desktop\NYP resources\Year2Sem1\PPHY\term 2 framework\DM2212_Physics\Physics\Source\SceneCollision.cpp(1193,56): warning C4244: 'argument': conversion from 'double' to 'float', possible loss of data
C:\Users\Jian Liang\Desktop\NYP resources\Year2Sem1\PPHY\term 2 framework\DM2212_Physics\Physics\Source\SceneCollision.cpp(1194,33): warning C4244: 'argument': conversion from 'double' to 'float', possible loss of data
  shader.cpp
  SpriteAnimation.cpp
  Utility.cpp
  Generating Code...
LINK : warning LNK4098: defaultlib 'MSVCRT' conflicts with use of other libs; use /NODEFAULTLIB:library
  Physics.vcxproj -> C:\Users\Jian Liang\Desktop\NYP resources\Year2Sem1\PPHY\term 2 framework\DM2212_Physics\Debug\Physics.exe
